# JRE version: Java(TM) SE Runtime Environment (8.0_144-b01) (build 1.8.0_144-b01)
# Java VM: Java HotSpot(TM) Client VM (25.144-b01 mixed mode windows-x86 )
Heap:
 def new generation   total 22336K, used 835K [0x04600000, 0x05e30000, 0x0f0a0000)
  eden space 19904K,   4% used [0x04600000, 0x046d0810, 0x05970000)
  from space 2432K,   0% used [0x05970000, 0x05970528, 0x05bd0000)
  to   space 2432K,   0% used [0x05bd0000, 0x05bd0000, 0x05e30000)
 tenured generation   total 49280K, used 33096K [0x0f0a0000, 0x120c0000, 0x24600000)
   the space 49280K,  67% used [0x0f0a0000, 0x110f2340, 0x110f2400, 0x120c0000)
 Metaspace       used 26020K, capacity 28003K, committed 28032K, reserved 28032K
GC Heap History (10 events):
Event: 51162.511 GC heap before
{Heap before GC invocations=301 (full 6):
 def new generation   total 22336K, used 19905K [0x04600000, 0x05e30000, 0x0f0a0000)
  eden space 19904K, 100% used [0x04600000, 0x05970000, 0x05970000)
  from space 2432K,   0% used [0x05bd0000, 0x05bd0728, 0x05e30000)
  to   space 2432K,   0% used [0x05970000, 0x05970000, 0x05bd0000)
 tenured generation   total 49280K, used 33096K [0x0f0a0000, 0x120c0000, 0x24600000)
   the space 49280K,  67% used [0x0f0a0000, 0x110f22b0, 0x110f2400, 0x120c0000)
 Metaspace       used 26020K, capacity 28003K, committed 28032K, reserved 28032K
Event: 51162.513 GC heap after
Heap after GC invocations=302 (full 6):
 def new generation   total 22336K, used 1K [0x04600000, 0x05e30000, 0x0f0a0000)
  eden space 19904K,   0% used [0x04600000, 0x04600000, 0x05970000)
  from space 2432K,   0% used [0x05970000, 0x059704b0, 0x05bd0000)
  to   space 2432K,   0% used [0x05bd0000, 0x05bd0000, 0x05e30000)
 tenured generation   total 49280K, used 33096K [0x0f0a0000, 0x120c0000, 0x24600000)
   the space 49280K,  67% used [0x0f0a0000, 0x110f22b0, 0x110f2400, 0x120c0000)
 Metaspace       used 26020K, capacity 28003K, committed 28032K, reserved 28032K
}
Event: 51330.751 GC heap before
{Heap before GC invocations=302 (full 6):
 def new generation   total 22336K, used 19905K [0x04600000, 0x05e30000, 0x0f0a0000)
  eden space 19904K, 100% used [0x04600000, 0x05970000, 0x05970000)
  from space 2432K,   0% used [0x05970000, 0x059704b0, 0x05bd0000)
  to   space 2432K,   0% used [0x05bd0000, 0x05bd0000, 0x05e30000)
 tenured generation   total 49280K, used 33096K [0x0f0a0000, 0x120c0000, 0x24600000)
   the space 49280K,  67% used [0x0f0a0000, 0x110f22b0, 0x110f2400, 0x120c0000)
 Metaspace       used 26020K, capacity 28003K, committed 28032K, reserved 28032K
Event: 51330.752 GC heap after
Heap after GC invocations=303 (full 6):
 def new generation   total 22336K, used 1K [0x04600000, 0x05e30000, 0x0f0a0000)
  eden space 19904K,   0% used [0x04600000, 0x04600000, 0x05970000)
  from space 2432K,   0% used [0x05bd0000, 0x05bd0700, 0x05e30000)
  to   space 2432K,   0% used [0x05970000, 0x05970000, 0x05bd0000)
 tenured generation   total 49280K, used 33096K [0x0f0a0000, 0x120c0000, 0x24600000)
   the space 49280K,  67% used [0x0f0a0000, 0x110f22f8, 0x110f2400, 0x120c0000)
 Metaspace       used 26020K, capacity 28003K, committed 28032K, reserved 28032K
}
Event: 51497.967 GC heap before
{Heap before GC invocations=303 (full 6):
 def new generation   total 22336K, used 19905K [0x04600000, 0x05e30000, 0x0f0a0000)
  eden space 19904K, 100% used [0x04600000, 0x05970000, 0x05970000)
  from space 2432K,   0% used [0x05bd0000, 0x05bd0700, 0x05e30000)
  to   space 2432K,   0% used [0x05970000, 0x05970000, 0x05bd0000)
 tenured generation   total 49280K, used 33096K [0x0f0a0000, 0x120c0000, 0x24600000)
   the space 49280K,  67% used [0x0f0a0000, 0x110f22f8, 0x110f2400, 0x120c0000)
 Metaspace       used 26020K, capacity 28003K, committed 28032K, reserved 28032K
Event: 51497.969 GC heap after
Heap after GC invocations=304 (full 6):
 def new generation   total 22336K, used 2K [0x04600000, 0x05e30000, 0x0f0a0000)
  eden space 19904K,   0% used [0x04600000, 0x04600000, 0x05970000)
  from space 2432K,   0% used [0x05970000, 0x05970800, 0x05bd0000)
  to   space 2432K,   0% used [0x05bd0000, 0x05bd0000, 0x05e30000)
 tenured generation   total 49280K, used 33096K [0x0f0a0000, 0x120c0000, 0x24600000)
   the space 49280K,  67% used [0x0f0a0000, 0x110f22f8, 0x110f2400, 0x120c0000)
 Metaspace       used 26020K, capacity 28003K, committed 28032K, reserved 28032K
}
Event: 51665.904 GC heap before
{Heap before GC invocations=304 (full 6):
 def new generation   total 22336K, used 19906K [0x04600000, 0x05e30000, 0x0f0a0000)
  eden space 19904K, 100% used [0x04600000, 0x05970000, 0x05970000)
  from space 2432K,   0% used [0x05970000, 0x05970800, 0x05bd0000)
  to   space 2432K,   0% used [0x05bd0000, 0x05bd0000, 0x05e30000)
 tenured generation   total 49280K, used 33096K [0x0f0a0000, 0x120c0000, 0x24600000)
   the space 49280K,  67% used [0x0f0a0000, 0x110f22f8, 0x110f2400, 0x120c0000)
 Metaspace       used 26020K, capacity 28003K, committed 28032K, reserved 28032K
Event: 51665.905 GC heap after
Heap after GC invocations=305 (full 6):
 def new generation   total 22336K, used 1K [0x04600000, 0x05e30000, 0x0f0a0000)
  eden space 19904K,   0% used [0x04600000, 0x04600000, 0x05970000)
  from space 2432K,   0% used [0x05bd0000, 0x05bd05f0, 0x05e30000)
  to   space 2432K,   0% used [0x05970000, 0x05970000, 0x05bd0000)
 tenured generation   total 49280K, used 33096K [0x0f0a0000, 0x120c0000, 0x24600000)
   the space 49280K,  67% used [0x0f0a0000, 0x110f22f8, 0x110f2400, 0x120c0000)
 Metaspace       used 26020K, capacity 28003K, committed 28032K, reserved 28032K
}
Event: 51833.310 GC heap before
{Heap before GC invocations=305 (full 6):
 def new generation   total 22336K, used 19905K [0x04600000, 0x05e30000, 0x0f0a0000)
  eden space 19904K, 100% used [0x04600000, 0x05970000, 0x05970000)
  from space 2432K,   0% used [0x05bd0000, 0x05bd05f0, 0x05e30000)
  to   space 2432K,   0% used [0x05970000, 0x05970000, 0x05bd0000)
 tenured generation   total 49280K, used 33096K [0x0f0a0000, 0x120c0000, 0x24600000)
   the space 49280K,  67% used [0x0f0a0000, 0x110f22f8, 0x110f2400, 0x120c0000)
 Metaspace       used 26020K, capacity 28003K, committed 28032K, reserved 28032K
Event: 51833.312 GC heap after
Heap after GC invocations=306 (full 6):
 def new generation   total 22336K, used 1K [0x04600000, 0x05e30000, 0x0f0a0000)
  eden space 19904K,   0% used [0x04600000, 0x04600000, 0x05970000)
  from space 2432K,   0% used [0x05970000, 0x05970528, 0x05bd0000)
  to   space 2432K,   0% used [0x05bd0000, 0x05bd0000, 0x05e30000)
 tenured generation   total 49280K, used 33096K [0x0f0a0000, 0x120c0000, 0x24600000)
   the space 49280K,  67% used [0x0f0a0000, 0x110f2340, 0x110f2400, 0x120c0000)
 Metaspace       used 26020K, capacity 28003K, committed 28032K, reserved 28032K
}

