# JRE version: Java(TM) SE Runtime Environment (8.0_144-b01) (build 1.8.0_144-b01)
# Java VM: Java HotSpot(TM) Client VM (25.144-b01 mixed mode windows-x86 )
Heap:
 def new generation   total 82944K, used 58878K [0x04800000, 0x0a1f0000, 0x0f2a0000)
  eden space 73792K,  79% used [0x04800000, 0x0817f638, 0x09010000)
  from space 9152K,   0% used [0x09010000, 0x09010210, 0x09900000)
  to   space 9152K,   0% used [0x09900000, 0x09900000, 0x0a1f0000)
 tenured generation   total 183936K, used 170497K [0x0f2a0000, 0x1a640000, 0x24800000)
   the space 183936K,  92% used [0x0f2a0000, 0x19920560, 0x19920600, 0x1a640000)
 Metaspace       used 30166K, capacity 33043K, committed 33536K, reserved 34176K
GC Heap History (10 events):
Event: 746693.717 GC heap before
{Heap before GC invocations=3814 (full 47):
 def new generation   total 82944K, used 73793K [0x04800000, 0x0a1f0000, 0x0f2a0000)
  eden space 73792K, 100% used [0x04800000, 0x09010000, 0x09010000)
  from space 9152K,   0% used [0x09900000, 0x099005d8, 0x0a1f0000)
  to   space 9152K,   0% used [0x09010000, 0x09010000, 0x09900000)
 tenured generation   total 183936K, used 170496K [0x0f2a0000, 0x1a640000, 0x24800000)
   the space 183936K,  92% used [0x0f2a0000, 0x199203f0, 0x19920400, 0x1a640000)
 Metaspace       used 30166K, capacity 33043K, committed 33536K, reserved 34176K
Event: 746693.719 GC heap after
Heap after GC invocations=3815 (full 47):
 def new generation   total 82944K, used 0K [0x04800000, 0x0a1f0000, 0x0f2a0000)
  eden space 73792K,   0% used [0x04800000, 0x04800000, 0x09010000)
  from space 9152K,   0% used [0x09010000, 0x090102c0, 0x09900000)
  to   space 9152K,   0% used [0x09900000, 0x09900000, 0x0a1f0000)
 tenured generation   total 183936K, used 170496K [0x0f2a0000, 0x1a640000, 0x24800000)
   the space 183936K,  92% used [0x0f2a0000, 0x199203f0, 0x19920400, 0x1a640000)
 Metaspace       used 30166K, capacity 33043K, committed 33536K, reserved 34176K
}
Event: 747226.309 GC heap before
{Heap before GC invocations=3815 (full 47):
 def new generation   total 82944K, used 73792K [0x04800000, 0x0a1f0000, 0x0f2a0000)
  eden space 73792K, 100% used [0x04800000, 0x09010000, 0x09010000)
  from space 9152K,   0% used [0x09010000, 0x090102c0, 0x09900000)
  to   space 9152K,   0% used [0x09900000, 0x09900000, 0x0a1f0000)
 tenured generation   total 183936K, used 170496K [0x0f2a0000, 0x1a640000, 0x24800000)
   the space 183936K,  92% used [0x0f2a0000, 0x199203f0, 0x19920400, 0x1a640000)
 Metaspace       used 30166K, capacity 33043K, committed 33536K, reserved 34176K
Event: 747226.311 GC heap after
Heap after GC invocations=3816 (full 47):
 def new generation   total 82944K, used 1K [0x04800000, 0x0a1f0000, 0x0f2a0000)
  eden space 73792K,   0% used [0x04800000, 0x04800000, 0x09010000)
  from space 9152K,   0% used [0x09900000, 0x09900400, 0x0a1f0000)
  to   space 9152K,   0% used [0x09010000, 0x09010000, 0x09900000)
 tenured generation   total 183936K, used 170496K [0x0f2a0000, 0x1a640000, 0x24800000)
   the space 183936K,  92% used [0x0f2a0000, 0x199203f0, 0x19920400, 0x1a640000)
 Metaspace       used 30166K, capacity 33043K, committed 33536K, reserved 34176K
}
Event: 747757.685 GC heap before
{Heap before GC invocations=3816 (full 47):
 def new generation   total 82944K, used 73793K [0x04800000, 0x0a1f0000, 0x0f2a0000)
  eden space 73792K, 100% used [0x04800000, 0x09010000, 0x09010000)
  from space 9152K,   0% used [0x09900000, 0x09900400, 0x0a1f0000)
  to   space 9152K,   0% used [0x09010000, 0x09010000, 0x09900000)
 tenured generation   total 183936K, used 170496K [0x0f2a0000, 0x1a640000, 0x24800000)
   the space 183936K,  92% used [0x0f2a0000, 0x199203f0, 0x19920400, 0x1a640000)
 Metaspace       used 30166K, capacity 33043K, committed 33536K, reserved 34176K
Event: 747757.687 GC heap after
Heap after GC invocations=3817 (full 47):
 def new generation   total 82944K, used 0K [0x04800000, 0x0a1f0000, 0x0f2a0000)
  eden space 73792K,   0% used [0x04800000, 0x04800000, 0x09010000)
  from space 9152K,   0% used [0x09010000, 0x090101d8, 0x09900000)
  to   space 9152K,   0% used [0x09900000, 0x09900000, 0x0a1f0000)
 tenured generation   total 183936K, used 170496K [0x0f2a0000, 0x1a640000, 0x24800000)
   the space 183936K,  92% used [0x0f2a0000, 0x199203f0, 0x19920400, 0x1a640000)
 Metaspace       used 30166K, capacity 33043K, committed 33536K, reserved 34176K
}
Event: 748288.165 GC heap before
{Heap before GC invocations=3817 (full 47):
 def new generation   total 82944K, used 73792K [0x04800000, 0x0a1f0000, 0x0f2a0000)
  eden space 73792K, 100% used [0x04800000, 0x09010000, 0x09010000)
  from space 9152K,   0% used [0x09010000, 0x090101d8, 0x09900000)
  to   space 9152K,   0% used [0x09900000, 0x09900000, 0x0a1f0000)
 tenured generation   total 183936K, used 170496K [0x0f2a0000, 0x1a640000, 0x24800000)
   the space 183936K,  92% used [0x0f2a0000, 0x199203f0, 0x19920400, 0x1a640000)
 Metaspace       used 30166K, capacity 33043K, committed 33536K, reserved 34176K
Event: 748288.167 GC heap after
Heap after GC invocations=3818 (full 47):
 def new generation   total 82944K, used 0K [0x04800000, 0x0a1f0000, 0x0f2a0000)
  eden space 73792K,   0% used [0x04800000, 0x04800000, 0x09010000)
  from space 9152K,   0% used [0x09900000, 0x099001f8, 0x0a1f0000)
  to   space 9152K,   0% used [0x09010000, 0x09010000, 0x09900000)
 tenured generation   total 183936K, used 170496K [0x0f2a0000, 0x1a640000, 0x24800000)
   the space 183936K,  92% used [0x0f2a0000, 0x199203f0, 0x19920400, 0x1a640000)
 Metaspace       used 30166K, capacity 33043K, committed 33536K, reserved 34176K
}
Event: 748820.228 GC heap before
{Heap before GC invocations=3818 (full 47):
 def new generation   total 82944K, used 73792K [0x04800000, 0x0a1f0000, 0x0f2a0000)
  eden space 73792K, 100% used [0x04800000, 0x09010000, 0x09010000)
  from space 9152K,   0% used [0x09900000, 0x099001f8, 0x0a1f0000)
  to   space 9152K,   0% used [0x09010000, 0x09010000, 0x09900000)
 tenured generation   total 183936K, used 170496K [0x0f2a0000, 0x1a640000, 0x24800000)
   the space 183936K,  92% used [0x0f2a0000, 0x199203f0, 0x19920400, 0x1a640000)
 Metaspace       used 30166K, capacity 33043K, committed 33536K, reserved 34176K
Event: 748820.230 GC heap after
Heap after GC invocations=3819 (full 47):
 def new generation   total 82944K, used 0K [0x04800000, 0x0a1f0000, 0x0f2a0000)
  eden space 73792K,   0% used [0x04800000, 0x04800000, 0x09010000)
  from space 9152K,   0% used [0x09010000, 0x09010210, 0x09900000)
  to   space 9152K,   0% used [0x09900000, 0x09900000, 0x0a1f0000)
 tenured generation   total 183936K, used 170497K [0x0f2a0000, 0x1a640000, 0x24800000)
   the space 183936K,  92% used [0x0f2a0000, 0x19920560, 0x19920600, 0x1a640000)
 Metaspace       used 30166K, capacity 33043K, committed 33536K, reserved 34176K
}

